\BOOKMARK [1][-]{section.1}{\376\377\176\352\213\272}{}% 1
\BOOKMARK [2][-]{subsection.1.1}{\376\377\137\025\212\000}{section.1}% 2
\BOOKMARK [2][-]{subsection.1.2}{\376\377\127\372\147\054\147\057\213\355}{section.1}% 3
\BOOKMARK [2][-]{subsection.1.3}{\376\377\120\107\213\276\172\172\225\364}{section.1}% 4
\BOOKMARK [2][-]{subsection.1.4}{\376\377\137\122\176\263\120\117\131\175}{section.1}% 5
\BOOKMARK [2][-]{subsection.1.5}{\376\377\123\321\134\125\123\206\172\013}{section.1}% 6
\BOOKMARK [2][-]{subsection.1.6}{\376\377\136\224\165\050\163\260\162\266}{section.1}% 7
\BOOKMARK [1][-]{section.2}{\376\377\152\041\127\213\213\304\117\060\116\016\220\011\142\351}{}% 8
\BOOKMARK [2][-]{subsection.2.1}{\376\377\176\317\232\214\213\357\135\356\116\016\217\307\142\337\124\010}{section.2}% 9
\BOOKMARK [2][-]{subsection.2.2}{\376\377\213\304\117\060\145\271\154\325}{section.2}% 10
\BOOKMARK [3][-]{subsubsection.2.2.1}{\376\377\165\131\121\372\154\325}{subsection.2.2}% 11
\BOOKMARK [3][-]{subsubsection.2.2.2}{\376\377\116\244\123\311\232\214\213\301\154\325}{subsection.2.2}% 12
\BOOKMARK [3][-]{subsubsection.2.2.3}{\376\377\201\352\122\251\154\325}{subsection.2.2}% 13
\BOOKMARK [3][-]{subsubsection.2.2.4}{\376\377\214\003\123\302\116\016\147\000\176\310\152\041\127\213}{subsection.2.2}% 14
\BOOKMARK [2][-]{subsection.2.3}{\376\377\140\047\200\375\136\246\221\317}{section.2}% 15
\BOOKMARK [3][-]{subsubsection.2.3.1}{\376\377\225\031\213\357\163\207\116\016\174\276\136\246}{subsection.2.3}% 16
\BOOKMARK [3][-]{subsubsection.2.3.2}{\376\377\147\345\121\306\163\207\060\001\147\345\121\150\163\207\116\016\000F\0001}{subsection.2.3}% 17
\BOOKMARK [3][-]{subsubsection.2.3.3}{\376\377\000R\000O\000C\116\016\000A\000U\000C}{subsection.2.3}% 18
\BOOKMARK [3][-]{subsubsection.2.3.4}{\376\377\116\343\116\367\145\117\141\037\225\031\213\357\163\207\116\016\116\343\116\367\146\362\176\277}{subsection.2.3}% 19
\BOOKMARK [2][-]{subsection.2.4}{\376\377\153\324\217\203\150\300\232\214}{section.2}% 20
\BOOKMARK [3][-]{subsubsection.2.4.1}{\376\377\120\107\213\276\150\300\232\214}{subsection.2.4}% 21
\BOOKMARK [3][-]{subsubsection.2.4.2}{\376\377\116\244\123\311\232\214\213\301\000t\150\300\232\214}{subsection.2.4}% 22
\BOOKMARK [3][-]{subsubsection.2.4.3}{\376\377\000M\000c\000N\000e\000m\000a\000r\150\300\232\214}{subsection.2.4}% 23
\BOOKMARK [3][-]{subsubsection.2.4.4}{\376\377\000F\000r\000i\000e\000d\000m\000a\000n\150\300\232\214\116\016\000N\000e\000m\000e\000n\000y\000i\124\016\176\355\150\300\232\214}{subsection.2.4}% 24
\BOOKMARK [2][-]{subsection.2.5}{\376\377\120\117\135\356\116\016\145\271\135\356}{section.2}% 25
\BOOKMARK [1][-]{section.3}{\376\377\176\277\140\047\152\041\127\213}{}% 26
\BOOKMARK [2][-]{subsection.3.1}{\376\377\127\372\147\054\137\142\137\017}{section.3}% 27
\BOOKMARK [2][-]{subsection.3.2}{\376\377\176\277\140\047\126\336\137\122}{section.3}% 28
\BOOKMARK [2][-]{subsection.3.3}{\376\377\133\371\145\160\121\340\163\207\126\336\137\122}{section.3}% 29
\BOOKMARK [2][-]{subsection.3.4}{\376\377\176\277\140\047\122\044\122\053\122\006\147\220}{section.3}% 30
\BOOKMARK [1][-]{section.4}{\376\377\121\263\173\126\150\021}{}% 31
\BOOKMARK [1][-]{section.5}{\376\377\171\136\176\317\177\121\176\334}{}% 32
\BOOKMARK [1][-]{section.6}{\376\377\145\057\143\001\124\021\221\317\147\072}{}% 33
\BOOKMARK [1][-]{section.7}{\376\377\215\035\123\366\145\257\122\006\174\173\126\150}{}% 34
\BOOKMARK [1][-]{section.8}{\376\377\226\306\142\020\133\146\116\140}{}% 35
\BOOKMARK [1][-]{section.9}{\376\377\200\132\174\173}{}% 36
\BOOKMARK [1][-]{section.10}{\376\377\226\115\176\364\116\016\136\246\221\317\133\146\116\140}{}% 37
\BOOKMARK [1][-]{section.11}{\376\377\162\171\137\201\220\011\142\351\116\016\172\000\165\217\133\146\116\140}{}% 38
\BOOKMARK [1][-]{section.12}{\376\377\213\241\173\227\133\146\116\140\164\006\213\272}{}% 39
\BOOKMARK [1][-]{section.13}{\376\377\123\112\166\321\167\143\133\146\116\140}{}% 40
\BOOKMARK [1][-]{section.14}{\376\377\151\202\163\207\126\376\152\041\127\213}{}% 41
\BOOKMARK [1][-]{section.15}{\376\377\211\304\122\031\133\146\116\140}{}% 42
\BOOKMARK [1][-]{section.16}{\376\377\137\072\123\026\133\146\116\140}{}% 43
